conversationkit-ui/build/intermediates/manifest_merge_blame_file/debug/manifest-merger-blame-debug-report.txt
1<?xml version="1.0" encoding="utf-8"?>
2<!--
3  ~ Copyright (c) 2022 NetEase, Inc. All rights reserved.
4  ~ Use of this source code is governed by a MIT license that can be
5  ~ found in the LICENSE file.
6-->
7<manifest xmlns:android="http://schemas.android.com/apk/res/android"
8    xmlns:tools="http://schemas.android.com/tools"
9    package="com.netease.yunxin.kit.conversationkit.ui" >
10
11    <uses-sdk android:minSdkVersion="21" />
11-->src\main\AndroidManifest.xml
12
13    <uses-permission android:name="android.permission.ACCESS_NETWORK_STATE" />
13-->src\main\AndroidManifest.xml:12:5-79
13-->src\main\AndroidManifest.xml:12:22-76
14
15    <application>
15-->src\main\AndroidManifest.xml:13:5-32:19
16        <provider
16-->src\main\AndroidManifest.xml:14:9-22:20
17            android:name="com.netease.yunxin.kit.corekit.startup.InitializationProvider"
17-->src\main\AndroidManifest.xml:15:13-89
18            android:authorities="${applicationId}.xkit-startup"
18-->src\main\AndroidManifest.xml:16:13-64
19            android:exported="false"
19-->src\main\AndroidManifest.xml:17:13-37
20            tools:node="merge" >
20-->src\main\AndroidManifest.xml:18:13-31
21            <meta-data
21-->src\main\AndroidManifest.xml:19:13-21:48
22                android:name="com.netease.yunxin.kit.conversationkit.ui.ConversationUIService"
22-->src\main\AndroidManifest.xml:20:17-95
23                android:value="xkit.startup" />
23-->src\main\AndroidManifest.xml:21:17-45
24        </provider>
25
26        <activity
26-->src\main\AndroidManifest.xml:23:9-24:76
27            android:name="com.netease.yunxin.kit.conversationkit.ui.normal.page.ConversationSelectActivity"
27-->src\main\AndroidManifest.xml:23:19-73
28            android:exported="false"
28-->src\main\AndroidManifest.xml:24:50-74
29            android:screenOrientation="portrait" />
29-->src\main\AndroidManifest.xml:24:13-49
30        <activity
30-->src\main\AndroidManifest.xml:25:9-27:39
31            android:name="com.netease.yunxin.kit.conversationkit.ui.normal.page.ConversationActivity"
31-->src\main\AndroidManifest.xml:25:19-67
32            android:exported="false"
32-->src\main\AndroidManifest.xml:27:13-37
33            android:screenOrientation="portrait" />
33-->src\main\AndroidManifest.xml:26:13-49
34        <activity
34-->src\main\AndroidManifest.xml:28:9-30:39
35            android:name="com.netease.yunxin.kit.conversationkit.ui.fun.page.FunConversationActivity"
35-->src\main\AndroidManifest.xml:28:19-67
36            android:exported="false"
36-->src\main\AndroidManifest.xml:30:13-37
37            android:screenOrientation="portrait" />
37-->src\main\AndroidManifest.xml:29:13-49
38        <activity android:name="com.netease.yunxin.kit.conversationkit.ui.fun.page.FunSelected_User_Activity" />
38-->src\main\AndroidManifest.xml:31:9-71
38-->src\main\AndroidManifest.xml:31:19-69
39    </application>
40
41</manifest>